<?xml version="1.0" encoding="UTF-8"?>
<!-- Generated by org.testng.reporters.JUnitReportReporter -->
<testsuite hostname="DESKTOP-E8RVTGH" name="TestFramework.basicJSONextract" tests="1" failures="0" timestamp="6 Jun 2018 21:13:16 GMT" time="1.085" errors="0">
  <testcase name="Test" time="1.085" classname="TestFramework.basicJSONextract"/>
</testsuite> <!-- TestFramework.basicJSONextract -->
