<?xml version="1.0" encoding="UTF-8"?>
<!-- Generated by org.testng.reporters.JUnitReportReporter -->
<testsuite hostname="DESKTOP-E8RVTGH" name="TestFramework.endtoendtestcaseJira" tests="1" failures="0" timestamp="6 Jun 2018 21:13:16 GMT" time="0.678" errors="0">
  <testcase name="addandDeletePlace" time="0.678" classname="TestFramework.endtoendtestcaseJira"/>
</testsuite> <!-- TestFramework.endtoendtestcaseJira -->
