<?xml version="1.0" encoding="UTF-8"?>
<!-- Generated by org.testng.reporters.JUnitReportReporter -->
<testsuite skipped="0" hostname="DESKTOP-E8RVTGH" name="TestFramework.addPlacePost" tests="1" failures="0" timestamp="10 Jun 2018 14:14:58 GMT" time="5.462" errors="0">
  <testcase name="Test2" time="5.462" classname="TestFramework.addPlacePost"/>
</testsuite> <!-- TestFramework.addPlacePost -->
