<?xml version="1.0" encoding="UTF-8"?>
<!-- Generated by org.testng.reporters.JUnitReportReporter -->
<testsuite skipped="0" hostname="DESKTOP-E8RVTGH" name="TestFramework.basicJIRA" tests="2" failures="0" timestamp="07 Jun 2018 21:59:10 GMT" time="11.657" errors="0">
  <testcase name="deleteBug" time="4.452" classname="TestFramework.basicJIRA"/>
  <testcase name="updateComment" time="7.205" classname="TestFramework.basicJIRA"/>
</testsuite> <!-- TestFramework.basicJIRA -->
