<?xml version="1.0" encoding="UTF-8"?>
<!-- Generated by org.testng.reporters.JUnitReportReporter -->
<testsuite skipped="0" hostname="DESKTOP-E8RVTGH" name="TestFramework.basicJSONextractGoogle" tests="1" failures="0" timestamp="07 Jun 2018 21:59:10 GMT" time="1.515" errors="0">
  <testcase name="Test" time="1.515" classname="TestFramework.basicJSONextractGoogle"/>
</testsuite> <!-- TestFramework.basicJSONextractGoogle -->
