<?xml version="1.0" encoding="UTF-8"?>
<!-- Generated by org.testng.reporters.JUnitReportReporter -->
<testsuite skipped="0" hostname="DESKTOP-E8RVTGH" name="TestFramework.addPlacePost" tests="1" failures="0" timestamp="07 Jun 2018 21:59:10 GMT" time="8.150" errors="0">
  <testcase name="Test2" time="8.150" classname="TestFramework.addPlacePost"/>
</testsuite> <!-- TestFramework.addPlacePost -->
